mode: set
github.com/ssklv/mixfood-auth-service/internal/usecase/authUsecase.go:19.177,27.2 1 1
github.com/ssklv/mixfood-auth-service/internal/usecase/authUsecase.go:29.101,31.16 2 1
github.com/ssklv/mixfood-auth-service/internal/usecase/authUsecase.go:31.16,33.3 1 1
github.com/ssklv/mixfood-auth-service/internal/usecase/authUsecase.go:34.2,34.45 1 1
github.com/ssklv/mixfood-auth-service/internal/usecase/authUsecase.go:37.106,39.16 2 1
github.com/ssklv/mixfood-auth-service/internal/usecase/authUsecase.go:39.16,41.3 1 1
github.com/ssklv/mixfood-auth-service/internal/usecase/authUsecase.go:42.2,43.16 2 1
github.com/ssklv/mixfood-auth-service/internal/usecase/authUsecase.go:43.16,45.3 1 0
github.com/ssklv/mixfood-auth-service/internal/usecase/authUsecase.go:46.2,51.62 2 1
github.com/ssklv/mixfood-auth-service/internal/usecase/authUsecase.go:51.62,53.3 1 1
github.com/ssklv/mixfood-auth-service/internal/usecase/authUsecase.go:54.2,54.39 1 1
github.com/ssklv/mixfood-auth-service/internal/usecase/authUsecase.go:57.108,59.25 2 1
github.com/ssklv/mixfood-auth-service/internal/usecase/authUsecase.go:59.25,61.3 1 1
github.com/ssklv/mixfood-auth-service/internal/usecase/authUsecase.go:62.2,63.16 2 0
github.com/ssklv/mixfood-auth-service/internal/usecase/authUsecase.go:63.16,65.3 1 0
github.com/ssklv/mixfood-auth-service/internal/usecase/authUsecase.go:66.2,72.58 2 0
github.com/ssklv/mixfood-auth-service/internal/usecase/authUsecase.go:72.58,74.3 1 0
github.com/ssklv/mixfood-auth-service/internal/usecase/authUsecase.go:75.2,75.40 1 0
github.com/ssklv/mixfood-auth-service/internal/usecase/authUsecase.go:78.99,80.16 2 1
github.com/ssklv/mixfood-auth-service/internal/usecase/authUsecase.go:80.16,82.3 1 0
github.com/ssklv/mixfood-auth-service/internal/usecase/authUsecase.go:83.2,83.94 1 1
github.com/ssklv/mixfood-auth-service/internal/usecase/authUsecase.go:83.94,85.3 1 1
github.com/ssklv/mixfood-auth-service/internal/usecase/authUsecase.go:86.2,86.40 1 1
github.com/ssklv/mixfood-auth-service/internal/usecase/authUsecase.go:89.79,91.2 1 1
github.com/ssklv/mixfood-auth-service/internal/usecase/authUsecase.go:93.104,95.16 2 1
github.com/ssklv/mixfood-auth-service/internal/usecase/authUsecase.go:95.16,97.3 1 1
github.com/ssklv/mixfood-auth-service/internal/usecase/authUsecase.go:98.2,99.16 2 1
github.com/ssklv/mixfood-auth-service/internal/usecase/authUsecase.go:99.16,101.3 1 1
github.com/ssklv/mixfood-auth-service/internal/usecase/authUsecase.go:102.2,103.40 2 1
github.com/ssklv/mixfood-auth-service/internal/usecase/authUsecase.go:106.114,108.2 1 1
github.com/ssklv/mixfood-auth-service/internal/usecase/authUsecase.go:110.89,112.2 1 0
github.com/ssklv/mixfood-auth-service/internal/usecase/authUsecase.go:114.87,116.2 1 1
github.com/ssklv/mixfood-auth-service/internal/usecase/authUsecase.go:118.98,120.2 1 1
github.com/ssklv/mixfood-auth-service/internal/usecase/authUsecase.go:122.87,124.2 1 1
github.com/ssklv/mixfood-auth-service/internal/usecase/authUsecase.go:126.75,128.2 1 1
github.com/ssklv/mixfood-auth-service/internal/usecase/validation.go:25.46,26.55 1 0
github.com/ssklv/mixfood-auth-service/internal/usecase/validation.go:26.55,28.3 1 0
github.com/ssklv/mixfood-auth-service/internal/usecase/validation.go:29.2,29.12 1 0
github.com/ssklv/mixfood-auth-service/internal/usecase/validation.go:32.40,33.36 1 0
github.com/ssklv/mixfood-auth-service/internal/usecase/validation.go:33.36,35.3 1 0
github.com/ssklv/mixfood-auth-service/internal/usecase/validation.go:36.2,36.12 1 0
github.com/ssklv/mixfood-auth-service/internal/usecase/validation.go:39.38,41.38 2 0
github.com/ssklv/mixfood-auth-service/internal/usecase/validation.go:41.38,43.3 1 0
github.com/ssklv/mixfood-auth-service/internal/usecase/validation.go:44.2,44.12 1 0
github.com/ssklv/mixfood-auth-service/internal/usecase/validation.go:47.40,48.45 1 0
github.com/ssklv/mixfood-auth-service/internal/usecase/validation.go:48.45,50.3 1 0
github.com/ssklv/mixfood-auth-service/internal/usecase/validation.go:51.2,51.52 1 0
github.com/ssklv/mixfood-auth-service/internal/usecase/validation.go:51.52,53.3 1 0
github.com/ssklv/mixfood-auth-service/internal/usecase/validation.go:54.2,54.12 1 0
github.com/ssklv/mixfood-auth-service/internal/usecase/validation.go:57.44,59.27 2 0
github.com/ssklv/mixfood-auth-service/internal/usecase/validation.go:59.27,61.3 1 0
github.com/ssklv/mixfood-auth-service/internal/usecase/validation.go:62.2,62.12 1 0
