mode: set
github.com/ssklv/mixfood-auth-service/internal/usecase/mocks/AddressRepository.go:18.93,21.19 2 0
github.com/ssklv/mixfood-auth-service/internal/usecase/mocks/AddressRepository.go:21.19,22.55 1 0
github.com/ssklv/mixfood-auth-service/internal/usecase/mocks/AddressRepository.go:25.2,26.77 2 0
github.com/ssklv/mixfood-auth-service/internal/usecase/mocks/AddressRepository.go:26.77,28.3 1 0
github.com/ssklv/mixfood-auth-service/internal/usecase/mocks/AddressRepository.go:28.8,30.3 1 0
github.com/ssklv/mixfood-auth-service/internal/usecase/mocks/AddressRepository.go:32.2,32.11 1 0
github.com/ssklv/mixfood-auth-service/internal/usecase/mocks/AddressRepository.go:36.81,39.19 2 0
github.com/ssklv/mixfood-auth-service/internal/usecase/mocks/AddressRepository.go:39.19,40.55 1 0
github.com/ssklv/mixfood-auth-service/internal/usecase/mocks/AddressRepository.go:43.2,44.67 2 0
github.com/ssklv/mixfood-auth-service/internal/usecase/mocks/AddressRepository.go:44.67,46.3 1 0
github.com/ssklv/mixfood-auth-service/internal/usecase/mocks/AddressRepository.go:46.8,48.3 1 0
github.com/ssklv/mixfood-auth-service/internal/usecase/mocks/AddressRepository.go:50.2,50.11 1 0
github.com/ssklv/mixfood-auth-service/internal/usecase/mocks/AddressRepository.go:54.112,57.19 2 0
github.com/ssklv/mixfood-auth-service/internal/usecase/mocks/AddressRepository.go:57.19,58.62 1 0
github.com/ssklv/mixfood-auth-service/internal/usecase/mocks/AddressRepository.go:61.2,63.87 3 0
github.com/ssklv/mixfood-auth-service/internal/usecase/mocks/AddressRepository.go:63.87,65.3 1 0
github.com/ssklv/mixfood-auth-service/internal/usecase/mocks/AddressRepository.go:66.2,66.78 1 0
github.com/ssklv/mixfood-auth-service/internal/usecase/mocks/AddressRepository.go:66.78,68.3 1 0
github.com/ssklv/mixfood-auth-service/internal/usecase/mocks/AddressRepository.go:68.8,69.24 1 0
github.com/ssklv/mixfood-auth-service/internal/usecase/mocks/AddressRepository.go:69.24,71.4 1 0
github.com/ssklv/mixfood-auth-service/internal/usecase/mocks/AddressRepository.go:74.2,74.67 1 0
github.com/ssklv/mixfood-auth-service/internal/usecase/mocks/AddressRepository.go:74.67,76.3 1 0
github.com/ssklv/mixfood-auth-service/internal/usecase/mocks/AddressRepository.go:76.8,78.3 1 0
github.com/ssklv/mixfood-auth-service/internal/usecase/mocks/AddressRepository.go:80.2,80.15 1 0
github.com/ssklv/mixfood-auth-service/internal/usecase/mocks/AddressRepository.go:84.93,87.19 2 0
github.com/ssklv/mixfood-auth-service/internal/usecase/mocks/AddressRepository.go:87.19,88.55 1 0
github.com/ssklv/mixfood-auth-service/internal/usecase/mocks/AddressRepository.go:91.2,92.77 2 0
github.com/ssklv/mixfood-auth-service/internal/usecase/mocks/AddressRepository.go:92.77,94.3 1 0
github.com/ssklv/mixfood-auth-service/internal/usecase/mocks/AddressRepository.go:94.8,96.3 1 0
github.com/ssklv/mixfood-auth-service/internal/usecase/mocks/AddressRepository.go:98.2,98.11 1 0
github.com/ssklv/mixfood-auth-service/internal/usecase/mocks/AddressRepository.go:106.23,110.19 3 0
github.com/ssklv/mixfood-auth-service/internal/usecase/mocks/AddressRepository.go:110.19,110.49 1 0
github.com/ssklv/mixfood-auth-service/internal/usecase/mocks/AddressRepository.go:112.2,112.13 1 0
github.com/ssklv/mixfood-auth-service/internal/usecase/mocks/AuthUsecase.go:18.87,21.19 2 0
github.com/ssklv/mixfood-auth-service/internal/usecase/mocks/AuthUsecase.go:21.19,22.55 1 0
github.com/ssklv/mixfood-auth-service/internal/usecase/mocks/AuthUsecase.go:25.2,26.77 2 0
github.com/ssklv/mixfood-auth-service/internal/usecase/mocks/AuthUsecase.go:26.77,28.3 1 0
github.com/ssklv/mixfood-auth-service/internal/usecase/mocks/AuthUsecase.go:28.8,30.3 1 0
github.com/ssklv/mixfood-auth-service/internal/usecase/mocks/AuthUsecase.go:32.2,32.11 1 0
github.com/ssklv/mixfood-auth-service/internal/usecase/mocks/AuthUsecase.go:36.75,39.19 2 0
github.com/ssklv/mixfood-auth-service/internal/usecase/mocks/AuthUsecase.go:39.19,40.55 1 0
github.com/ssklv/mixfood-auth-service/internal/usecase/mocks/AuthUsecase.go:43.2,44.67 2 0
github.com/ssklv/mixfood-auth-service/internal/usecase/mocks/AuthUsecase.go:44.67,46.3 1 0
github.com/ssklv/mixfood-auth-service/internal/usecase/mocks/AuthUsecase.go:46.8,48.3 1 0
github.com/ssklv/mixfood-auth-service/internal/usecase/mocks/AuthUsecase.go:50.2,50.11 1 0
github.com/ssklv/mixfood-auth-service/internal/usecase/mocks/AuthUsecase.go:54.98,57.19 2 0
github.com/ssklv/mixfood-auth-service/internal/usecase/mocks/AuthUsecase.go:57.19,58.54 1 0
github.com/ssklv/mixfood-auth-service/internal/usecase/mocks/AuthUsecase.go:61.2,63.87 3 0
github.com/ssklv/mixfood-auth-service/internal/usecase/mocks/AuthUsecase.go:63.87,65.3 1 0
github.com/ssklv/mixfood-auth-service/internal/usecase/mocks/AuthUsecase.go:66.2,66.78 1 0
github.com/ssklv/mixfood-auth-service/internal/usecase/mocks/AuthUsecase.go:66.78,68.3 1 0
github.com/ssklv/mixfood-auth-service/internal/usecase/mocks/AuthUsecase.go:68.8,69.24 1 0
github.com/ssklv/mixfood-auth-service/internal/usecase/mocks/AuthUsecase.go:69.24,71.4 1 0
github.com/ssklv/mixfood-auth-service/internal/usecase/mocks/AuthUsecase.go:74.2,74.67 1 0
github.com/ssklv/mixfood-auth-service/internal/usecase/mocks/AuthUsecase.go:74.67,76.3 1 0
github.com/ssklv/mixfood-auth-service/internal/usecase/mocks/AuthUsecase.go:76.8,78.3 1 0
github.com/ssklv/mixfood-auth-service/internal/usecase/mocks/AuthUsecase.go:80.2,80.15 1 0
github.com/ssklv/mixfood-auth-service/internal/usecase/mocks/AuthUsecase.go:84.89,87.19 2 0
github.com/ssklv/mixfood-auth-service/internal/usecase/mocks/AuthUsecase.go:87.19,88.53 1 0
github.com/ssklv/mixfood-auth-service/internal/usecase/mocks/AuthUsecase.go:91.2,93.83 3 0
github.com/ssklv/mixfood-auth-service/internal/usecase/mocks/AuthUsecase.go:93.83,95.3 1 0
github.com/ssklv/mixfood-auth-service/internal/usecase/mocks/AuthUsecase.go:96.2,96.74 1 0
github.com/ssklv/mixfood-auth-service/internal/usecase/mocks/AuthUsecase.go:96.74,98.3 1 0
github.com/ssklv/mixfood-auth-service/internal/usecase/mocks/AuthUsecase.go:98.8,99.24 1 0
github.com/ssklv/mixfood-auth-service/internal/usecase/mocks/AuthUsecase.go:99.24,101.4 1 0
github.com/ssklv/mixfood-auth-service/internal/usecase/mocks/AuthUsecase.go:104.2,104.67 1 0
github.com/ssklv/mixfood-auth-service/internal/usecase/mocks/AuthUsecase.go:104.67,106.3 1 0
github.com/ssklv/mixfood-auth-service/internal/usecase/mocks/AuthUsecase.go:106.8,108.3 1 0
github.com/ssklv/mixfood-auth-service/internal/usecase/mocks/AuthUsecase.go:110.2,110.15 1 0
github.com/ssklv/mixfood-auth-service/internal/usecase/mocks/AuthUsecase.go:114.106,117.19 2 0
github.com/ssklv/mixfood-auth-service/internal/usecase/mocks/AuthUsecase.go:117.19,118.47 1 0
github.com/ssklv/mixfood-auth-service/internal/usecase/mocks/AuthUsecase.go:121.2,124.94 4 0
github.com/ssklv/mixfood-auth-service/internal/usecase/mocks/AuthUsecase.go:124.94,126.3 1 0
github.com/ssklv/mixfood-auth-service/internal/usecase/mocks/AuthUsecase.go:127.2,127.77 1 0
github.com/ssklv/mixfood-auth-service/internal/usecase/mocks/AuthUsecase.go:127.77,129.3 1 0
github.com/ssklv/mixfood-auth-service/internal/usecase/mocks/AuthUsecase.go:129.8,131.3 1 0
github.com/ssklv/mixfood-auth-service/internal/usecase/mocks/AuthUsecase.go:133.2,133.77 1 0
github.com/ssklv/mixfood-auth-service/internal/usecase/mocks/AuthUsecase.go:133.77,135.3 1 0
github.com/ssklv/mixfood-auth-service/internal/usecase/mocks/AuthUsecase.go:135.8,137.3 1 0
github.com/ssklv/mixfood-auth-service/internal/usecase/mocks/AuthUsecase.go:139.2,139.76 1 0
github.com/ssklv/mixfood-auth-service/internal/usecase/mocks/AuthUsecase.go:139.76,141.3 1 0
github.com/ssklv/mixfood-auth-service/internal/usecase/mocks/AuthUsecase.go:141.8,143.3 1 0
github.com/ssklv/mixfood-auth-service/internal/usecase/mocks/AuthUsecase.go:145.2,145.19 1 0
github.com/ssklv/mixfood-auth-service/internal/usecase/mocks/AuthUsecase.go:149.79,152.19 2 0
github.com/ssklv/mixfood-auth-service/internal/usecase/mocks/AuthUsecase.go:152.19,153.48 1 0
github.com/ssklv/mixfood-auth-service/internal/usecase/mocks/AuthUsecase.go:156.2,157.68 2 0
github.com/ssklv/mixfood-auth-service/internal/usecase/mocks/AuthUsecase.go:157.68,159.3 1 0
github.com/ssklv/mixfood-auth-service/internal/usecase/mocks/AuthUsecase.go:159.8,161.3 1 0
github.com/ssklv/mixfood-auth-service/internal/usecase/mocks/AuthUsecase.go:163.2,163.11 1 0
github.com/ssklv/mixfood-auth-service/internal/usecase/mocks/AuthUsecase.go:167.104,170.19 2 0
github.com/ssklv/mixfood-auth-service/internal/usecase/mocks/AuthUsecase.go:170.19,171.55 1 0
github.com/ssklv/mixfood-auth-service/internal/usecase/mocks/AuthUsecase.go:174.2,177.86 4 0
github.com/ssklv/mixfood-auth-service/internal/usecase/mocks/AuthUsecase.go:177.86,179.3 1 0
github.com/ssklv/mixfood-auth-service/internal/usecase/mocks/AuthUsecase.go:180.2,180.69 1 0
github.com/ssklv/mixfood-auth-service/internal/usecase/mocks/AuthUsecase.go:180.69,182.3 1 0
github.com/ssklv/mixfood-auth-service/internal/usecase/mocks/AuthUsecase.go:182.8,184.3 1 0
github.com/ssklv/mixfood-auth-service/internal/usecase/mocks/AuthUsecase.go:186.2,186.69 1 0
github.com/ssklv/mixfood-auth-service/internal/usecase/mocks/AuthUsecase.go:186.69,188.3 1 0
github.com/ssklv/mixfood-auth-service/internal/usecase/mocks/AuthUsecase.go:188.8,190.3 1 0
github.com/ssklv/mixfood-auth-service/internal/usecase/mocks/AuthUsecase.go:192.2,192.68 1 0
github.com/ssklv/mixfood-auth-service/internal/usecase/mocks/AuthUsecase.go:192.68,194.3 1 0
github.com/ssklv/mixfood-auth-service/internal/usecase/mocks/AuthUsecase.go:194.8,196.3 1 0
github.com/ssklv/mixfood-auth-service/internal/usecase/mocks/AuthUsecase.go:198.2,198.19 1 0
github.com/ssklv/mixfood-auth-service/internal/usecase/mocks/AuthUsecase.go:202.122,205.19 2 0
github.com/ssklv/mixfood-auth-service/internal/usecase/mocks/AuthUsecase.go:205.19,206.50 1 0
github.com/ssklv/mixfood-auth-service/internal/usecase/mocks/AuthUsecase.go:209.2,212.102 4 0
github.com/ssklv/mixfood-auth-service/internal/usecase/mocks/AuthUsecase.go:212.102,214.3 1 0
github.com/ssklv/mixfood-auth-service/internal/usecase/mocks/AuthUsecase.go:215.2,215.85 1 0
github.com/ssklv/mixfood-auth-service/internal/usecase/mocks/AuthUsecase.go:215.85,217.3 1 0
github.com/ssklv/mixfood-auth-service/internal/usecase/mocks/AuthUsecase.go:217.8,219.3 1 0
github.com/ssklv/mixfood-auth-service/internal/usecase/mocks/AuthUsecase.go:221.2,221.85 1 0
github.com/ssklv/mixfood-auth-service/internal/usecase/mocks/AuthUsecase.go:221.85,223.3 1 0
github.com/ssklv/mixfood-auth-service/internal/usecase/mocks/AuthUsecase.go:223.8,225.3 1 0
github.com/ssklv/mixfood-auth-service/internal/usecase/mocks/AuthUsecase.go:227.2,227.84 1 0
github.com/ssklv/mixfood-auth-service/internal/usecase/mocks/AuthUsecase.go:227.84,229.3 1 0
github.com/ssklv/mixfood-auth-service/internal/usecase/mocks/AuthUsecase.go:229.8,231.3 1 0
github.com/ssklv/mixfood-auth-service/internal/usecase/mocks/AuthUsecase.go:233.2,233.19 1 0
github.com/ssklv/mixfood-auth-service/internal/usecase/mocks/AuthUsecase.go:237.87,240.19 2 0
github.com/ssklv/mixfood-auth-service/internal/usecase/mocks/AuthUsecase.go:240.19,241.55 1 0
github.com/ssklv/mixfood-auth-service/internal/usecase/mocks/AuthUsecase.go:244.2,245.77 2 0
github.com/ssklv/mixfood-auth-service/internal/usecase/mocks/AuthUsecase.go:245.77,247.3 1 0
github.com/ssklv/mixfood-auth-service/internal/usecase/mocks/AuthUsecase.go:247.8,249.3 1 0
github.com/ssklv/mixfood-auth-service/internal/usecase/mocks/AuthUsecase.go:251.2,251.11 1 0
github.com/ssklv/mixfood-auth-service/internal/usecase/mocks/AuthUsecase.go:255.114,258.19 2 0
github.com/ssklv/mixfood-auth-service/internal/usecase/mocks/AuthUsecase.go:258.19,259.55 1 0
github.com/ssklv/mixfood-auth-service/internal/usecase/mocks/AuthUsecase.go:262.2,264.102 3 0
github.com/ssklv/mixfood-auth-service/internal/usecase/mocks/AuthUsecase.go:264.102,266.3 1 0
github.com/ssklv/mixfood-auth-service/internal/usecase/mocks/AuthUsecase.go:267.2,267.93 1 0
github.com/ssklv/mixfood-auth-service/internal/usecase/mocks/AuthUsecase.go:267.93,269.3 1 0
github.com/ssklv/mixfood-auth-service/internal/usecase/mocks/AuthUsecase.go:269.8,270.24 1 0
github.com/ssklv/mixfood-auth-service/internal/usecase/mocks/AuthUsecase.go:270.24,272.4 1 0
github.com/ssklv/mixfood-auth-service/internal/usecase/mocks/AuthUsecase.go:275.2,275.86 1 0
github.com/ssklv/mixfood-auth-service/internal/usecase/mocks/AuthUsecase.go:275.86,277.3 1 0
github.com/ssklv/mixfood-auth-service/internal/usecase/mocks/AuthUsecase.go:277.8,279.3 1 0
github.com/ssklv/mixfood-auth-service/internal/usecase/mocks/AuthUsecase.go:281.2,281.15 1 0
github.com/ssklv/mixfood-auth-service/internal/usecase/mocks/AuthUsecase.go:285.101,288.19 2 0
github.com/ssklv/mixfood-auth-service/internal/usecase/mocks/AuthUsecase.go:288.19,289.55 1 0
github.com/ssklv/mixfood-auth-service/internal/usecase/mocks/AuthUsecase.go:292.2,294.84 3 0
github.com/ssklv/mixfood-auth-service/internal/usecase/mocks/AuthUsecase.go:294.84,296.3 1 0
github.com/ssklv/mixfood-auth-service/internal/usecase/mocks/AuthUsecase.go:297.2,297.75 1 0
github.com/ssklv/mixfood-auth-service/internal/usecase/mocks/AuthUsecase.go:297.75,299.3 1 0
github.com/ssklv/mixfood-auth-service/internal/usecase/mocks/AuthUsecase.go:299.8,300.24 1 0
github.com/ssklv/mixfood-auth-service/internal/usecase/mocks/AuthUsecase.go:300.24,302.4 1 0
github.com/ssklv/mixfood-auth-service/internal/usecase/mocks/AuthUsecase.go:305.2,305.68 1 0
github.com/ssklv/mixfood-auth-service/internal/usecase/mocks/AuthUsecase.go:305.68,307.3 1 0
github.com/ssklv/mixfood-auth-service/internal/usecase/mocks/AuthUsecase.go:307.8,309.3 1 0
github.com/ssklv/mixfood-auth-service/internal/usecase/mocks/AuthUsecase.go:311.2,311.15 1 0
github.com/ssklv/mixfood-auth-service/internal/usecase/mocks/AuthUsecase.go:319.17,323.19 3 0
github.com/ssklv/mixfood-auth-service/internal/usecase/mocks/AuthUsecase.go:323.19,323.49 1 0
github.com/ssklv/mixfood-auth-service/internal/usecase/mocks/AuthUsecase.go:325.2,325.13 1 0
github.com/ssklv/mixfood-auth-service/internal/usecase/mocks/PasswordHasher.go:13.86,16.19 2 0
github.com/ssklv/mixfood-auth-service/internal/usecase/mocks/PasswordHasher.go:16.19,17.64 1 0
github.com/ssklv/mixfood-auth-service/internal/usecase/mocks/PasswordHasher.go:20.2,21.59 2 0
github.com/ssklv/mixfood-auth-service/internal/usecase/mocks/PasswordHasher.go:21.59,23.3 1 0
github.com/ssklv/mixfood-auth-service/internal/usecase/mocks/PasswordHasher.go:23.8,25.3 1 0
github.com/ssklv/mixfood-auth-service/internal/usecase/mocks/PasswordHasher.go:27.2,27.11 1 0
github.com/ssklv/mixfood-auth-service/internal/usecase/mocks/PasswordHasher.go:31.73,34.19 2 0
github.com/ssklv/mixfood-auth-service/internal/usecase/mocks/PasswordHasher.go:34.19,35.54 1 0
github.com/ssklv/mixfood-auth-service/internal/usecase/mocks/PasswordHasher.go:38.2,40.61 3 0
github.com/ssklv/mixfood-auth-service/internal/usecase/mocks/PasswordHasher.go:40.61,42.3 1 0
github.com/ssklv/mixfood-auth-service/internal/usecase/mocks/PasswordHasher.go:43.2,43.52 1 0
github.com/ssklv/mixfood-auth-service/internal/usecase/mocks/PasswordHasher.go:43.52,45.3 1 0
github.com/ssklv/mixfood-auth-service/internal/usecase/mocks/PasswordHasher.go:45.8,47.3 1 0
github.com/ssklv/mixfood-auth-service/internal/usecase/mocks/PasswordHasher.go:49.2,49.51 1 0
github.com/ssklv/mixfood-auth-service/internal/usecase/mocks/PasswordHasher.go:49.51,51.3 1 0
github.com/ssklv/mixfood-auth-service/internal/usecase/mocks/PasswordHasher.go:51.8,53.3 1 0
github.com/ssklv/mixfood-auth-service/internal/usecase/mocks/PasswordHasher.go:55.2,55.15 1 0
github.com/ssklv/mixfood-auth-service/internal/usecase/mocks/PasswordHasher.go:63.20,67.19 3 0
github.com/ssklv/mixfood-auth-service/internal/usecase/mocks/PasswordHasher.go:67.19,67.49 1 0
github.com/ssklv/mixfood-auth-service/internal/usecase/mocks/PasswordHasher.go:69.2,69.13 1 0
github.com/ssklv/mixfood-auth-service/internal/usecase/mocks/SessionRepository.go:18.92,21.19 2 0
github.com/ssklv/mixfood-auth-service/internal/usecase/mocks/SessionRepository.go:21.19,22.55 1 0
github.com/ssklv/mixfood-auth-service/internal/usecase/mocks/SessionRepository.go:25.2,26.68 2 0
github.com/ssklv/mixfood-auth-service/internal/usecase/mocks/SessionRepository.go:26.68,28.3 1 0
github.com/ssklv/mixfood-auth-service/internal/usecase/mocks/SessionRepository.go:28.8,30.3 1 0
github.com/ssklv/mixfood-auth-service/internal/usecase/mocks/SessionRepository.go:32.2,32.11 1 0
github.com/ssklv/mixfood-auth-service/internal/usecase/mocks/SessionRepository.go:36.112,39.19 2 0
github.com/ssklv/mixfood-auth-service/internal/usecase/mocks/SessionRepository.go:39.19,40.59 1 0
github.com/ssklv/mixfood-auth-service/internal/usecase/mocks/SessionRepository.go:43.2,45.91 3 0
github.com/ssklv/mixfood-auth-service/internal/usecase/mocks/SessionRepository.go:45.91,47.3 1 0
github.com/ssklv/mixfood-auth-service/internal/usecase/mocks/SessionRepository.go:48.2,48.82 1 0
github.com/ssklv/mixfood-auth-service/internal/usecase/mocks/SessionRepository.go:48.82,50.3 1 0
github.com/ssklv/mixfood-auth-service/internal/usecase/mocks/SessionRepository.go:50.8,51.24 1 0
github.com/ssklv/mixfood-auth-service/internal/usecase/mocks/SessionRepository.go:51.24,53.4 1 0
github.com/ssklv/mixfood-auth-service/internal/usecase/mocks/SessionRepository.go:56.2,56.68 1 0
github.com/ssklv/mixfood-auth-service/internal/usecase/mocks/SessionRepository.go:56.68,58.3 1 0
github.com/ssklv/mixfood-auth-service/internal/usecase/mocks/SessionRepository.go:58.8,60.3 1 0
github.com/ssklv/mixfood-auth-service/internal/usecase/mocks/SessionRepository.go:62.2,62.15 1 0
github.com/ssklv/mixfood-auth-service/internal/usecase/mocks/SessionRepository.go:66.98,69.19 2 0
github.com/ssklv/mixfood-auth-service/internal/usecase/mocks/SessionRepository.go:69.19,70.53 1 0
github.com/ssklv/mixfood-auth-service/internal/usecase/mocks/SessionRepository.go:73.2,74.81 2 0
github.com/ssklv/mixfood-auth-service/internal/usecase/mocks/SessionRepository.go:74.81,76.3 1 0
github.com/ssklv/mixfood-auth-service/internal/usecase/mocks/SessionRepository.go:76.8,78.3 1 0
github.com/ssklv/mixfood-auth-service/internal/usecase/mocks/SessionRepository.go:80.2,80.11 1 0
github.com/ssklv/mixfood-auth-service/internal/usecase/mocks/SessionRepository.go:88.23,92.19 3 0
github.com/ssklv/mixfood-auth-service/internal/usecase/mocks/SessionRepository.go:92.19,92.49 1 0
github.com/ssklv/mixfood-auth-service/internal/usecase/mocks/SessionRepository.go:94.2,94.13 1 0
github.com/ssklv/mixfood-auth-service/internal/usecase/mocks/TokenProvider.go:13.89,16.19 2 0
github.com/ssklv/mixfood-auth-service/internal/usecase/mocks/TokenProvider.go:16.19,17.61 1 0
github.com/ssklv/mixfood-auth-service/internal/usecase/mocks/TokenProvider.go:20.2,22.68 3 0
github.com/ssklv/mixfood-auth-service/internal/usecase/mocks/TokenProvider.go:22.68,24.3 1 0
github.com/ssklv/mixfood-auth-service/internal/usecase/mocks/TokenProvider.go:25.2,25.59 1 0
github.com/ssklv/mixfood-auth-service/internal/usecase/mocks/TokenProvider.go:25.59,27.3 1 0
github.com/ssklv/mixfood-auth-service/internal/usecase/mocks/TokenProvider.go:27.8,29.3 1 0
github.com/ssklv/mixfood-auth-service/internal/usecase/mocks/TokenProvider.go:31.2,31.58 1 0
github.com/ssklv/mixfood-auth-service/internal/usecase/mocks/TokenProvider.go:31.58,33.3 1 0
github.com/ssklv/mixfood-auth-service/internal/usecase/mocks/TokenProvider.go:33.8,35.3 1 0
github.com/ssklv/mixfood-auth-service/internal/usecase/mocks/TokenProvider.go:37.2,37.15 1 0
github.com/ssklv/mixfood-auth-service/internal/usecase/mocks/TokenProvider.go:41.65,44.19 2 0
github.com/ssklv/mixfood-auth-service/internal/usecase/mocks/TokenProvider.go:44.19,45.62 1 0
github.com/ssklv/mixfood-auth-service/internal/usecase/mocks/TokenProvider.go:48.2,50.55 3 0
github.com/ssklv/mixfood-auth-service/internal/usecase/mocks/TokenProvider.go:50.55,52.3 1 0
github.com/ssklv/mixfood-auth-service/internal/usecase/mocks/TokenProvider.go:53.2,53.46 1 0
github.com/ssklv/mixfood-auth-service/internal/usecase/mocks/TokenProvider.go:53.46,55.3 1 0
github.com/ssklv/mixfood-auth-service/internal/usecase/mocks/TokenProvider.go:55.8,57.3 1 0
github.com/ssklv/mixfood-auth-service/internal/usecase/mocks/TokenProvider.go:59.2,59.45 1 0
github.com/ssklv/mixfood-auth-service/internal/usecase/mocks/TokenProvider.go:59.45,61.3 1 0
github.com/ssklv/mixfood-auth-service/internal/usecase/mocks/TokenProvider.go:61.8,63.3 1 0
github.com/ssklv/mixfood-auth-service/internal/usecase/mocks/TokenProvider.go:65.2,65.15 1 0
github.com/ssklv/mixfood-auth-service/internal/usecase/mocks/TokenProvider.go:69.80,72.19 2 0
github.com/ssklv/mixfood-auth-service/internal/usecase/mocks/TokenProvider.go:72.19,73.52 1 0
github.com/ssklv/mixfood-auth-service/internal/usecase/mocks/TokenProvider.go:76.2,79.68 4 0
github.com/ssklv/mixfood-auth-service/internal/usecase/mocks/TokenProvider.go:79.68,81.3 1 0
github.com/ssklv/mixfood-auth-service/internal/usecase/mocks/TokenProvider.go:82.2,82.51 1 0
github.com/ssklv/mixfood-auth-service/internal/usecase/mocks/TokenProvider.go:82.51,84.3 1 0
github.com/ssklv/mixfood-auth-service/internal/usecase/mocks/TokenProvider.go:84.8,86.3 1 0
github.com/ssklv/mixfood-auth-service/internal/usecase/mocks/TokenProvider.go:88.2,88.52 1 0
github.com/ssklv/mixfood-auth-service/internal/usecase/mocks/TokenProvider.go:88.52,90.3 1 0
github.com/ssklv/mixfood-auth-service/internal/usecase/mocks/TokenProvider.go:90.8,92.3 1 0
github.com/ssklv/mixfood-auth-service/internal/usecase/mocks/TokenProvider.go:94.2,94.51 1 0
github.com/ssklv/mixfood-auth-service/internal/usecase/mocks/TokenProvider.go:94.51,96.3 1 0
github.com/ssklv/mixfood-auth-service/internal/usecase/mocks/TokenProvider.go:96.8,98.3 1 0
github.com/ssklv/mixfood-auth-service/internal/usecase/mocks/TokenProvider.go:100.2,100.19 1 0
github.com/ssklv/mixfood-auth-service/internal/usecase/mocks/TokenProvider.go:108.19,112.19 3 0
github.com/ssklv/mixfood-auth-service/internal/usecase/mocks/TokenProvider.go:112.19,112.49 1 0
github.com/ssklv/mixfood-auth-service/internal/usecase/mocks/TokenProvider.go:114.2,114.13 1 0
github.com/ssklv/mixfood-auth-service/internal/usecase/mocks/UserRepository.go:18.84,21.19 2 0
github.com/ssklv/mixfood-auth-service/internal/usecase/mocks/UserRepository.go:21.19,22.52 1 0
github.com/ssklv/mixfood-auth-service/internal/usecase/mocks/UserRepository.go:25.2,26.74 2 0
github.com/ssklv/mixfood-auth-service/internal/usecase/mocks/UserRepository.go:26.74,28.3 1 0
github.com/ssklv/mixfood-auth-service/internal/usecase/mocks/UserRepository.go:28.8,30.3 1 0
github.com/ssklv/mixfood-auth-service/internal/usecase/mocks/UserRepository.go:32.2,32.11 1 0
github.com/ssklv/mixfood-auth-service/internal/usecase/mocks/UserRepository.go:36.75,39.19 2 0
github.com/ssklv/mixfood-auth-service/internal/usecase/mocks/UserRepository.go:39.19,40.52 1 0
github.com/ssklv/mixfood-auth-service/internal/usecase/mocks/UserRepository.go:43.2,44.67 2 0
github.com/ssklv/mixfood-auth-service/internal/usecase/mocks/UserRepository.go:44.67,46.3 1 0
github.com/ssklv/mixfood-auth-service/internal/usecase/mocks/UserRepository.go:46.8,48.3 1 0
github.com/ssklv/mixfood-auth-service/internal/usecase/mocks/UserRepository.go:50.2,50.11 1 0
github.com/ssklv/mixfood-auth-service/internal/usecase/mocks/UserRepository.go:54.92,57.19 2 0
github.com/ssklv/mixfood-auth-service/internal/usecase/mocks/UserRepository.go:57.19,58.53 1 0
github.com/ssklv/mixfood-auth-service/internal/usecase/mocks/UserRepository.go:61.2,63.83 3 0
github.com/ssklv/mixfood-auth-service/internal/usecase/mocks/UserRepository.go:63.83,65.3 1 0
github.com/ssklv/mixfood-auth-service/internal/usecase/mocks/UserRepository.go:66.2,66.74 1 0
github.com/ssklv/mixfood-auth-service/internal/usecase/mocks/UserRepository.go:66.74,68.3 1 0
github.com/ssklv/mixfood-auth-service/internal/usecase/mocks/UserRepository.go:68.8,69.24 1 0
github.com/ssklv/mixfood-auth-service/internal/usecase/mocks/UserRepository.go:69.24,71.4 1 0
github.com/ssklv/mixfood-auth-service/internal/usecase/mocks/UserRepository.go:74.2,74.67 1 0
github.com/ssklv/mixfood-auth-service/internal/usecase/mocks/UserRepository.go:74.67,76.3 1 0
github.com/ssklv/mixfood-auth-service/internal/usecase/mocks/UserRepository.go:76.8,78.3 1 0
github.com/ssklv/mixfood-auth-service/internal/usecase/mocks/UserRepository.go:80.2,80.15 1 0
github.com/ssklv/mixfood-auth-service/internal/usecase/mocks/UserRepository.go:84.99,87.19 2 0
github.com/ssklv/mixfood-auth-service/internal/usecase/mocks/UserRepository.go:87.19,88.56 1 0
github.com/ssklv/mixfood-auth-service/internal/usecase/mocks/UserRepository.go:91.2,93.84 3 0
github.com/ssklv/mixfood-auth-service/internal/usecase/mocks/UserRepository.go:93.84,95.3 1 0
github.com/ssklv/mixfood-auth-service/internal/usecase/mocks/UserRepository.go:96.2,96.75 1 0
github.com/ssklv/mixfood-auth-service/internal/usecase/mocks/UserRepository.go:96.75,98.3 1 0
github.com/ssklv/mixfood-auth-service/internal/usecase/mocks/UserRepository.go:98.8,99.24 1 0
github.com/ssklv/mixfood-auth-service/internal/usecase/mocks/UserRepository.go:99.24,101.4 1 0
github.com/ssklv/mixfood-auth-service/internal/usecase/mocks/UserRepository.go:104.2,104.68 1 0
github.com/ssklv/mixfood-auth-service/internal/usecase/mocks/UserRepository.go:104.68,106.3 1 0
github.com/ssklv/mixfood-auth-service/internal/usecase/mocks/UserRepository.go:106.8,108.3 1 0
github.com/ssklv/mixfood-auth-service/internal/usecase/mocks/UserRepository.go:110.2,110.15 1 0
github.com/ssklv/mixfood-auth-service/internal/usecase/mocks/UserRepository.go:114.114,117.19 2 0
github.com/ssklv/mixfood-auth-service/internal/usecase/mocks/UserRepository.go:117.19,118.52 1 0
github.com/ssklv/mixfood-auth-service/internal/usecase/mocks/UserRepository.go:121.2,123.102 3 0
github.com/ssklv/mixfood-auth-service/internal/usecase/mocks/UserRepository.go:123.102,125.3 1 0
github.com/ssklv/mixfood-auth-service/internal/usecase/mocks/UserRepository.go:126.2,126.93 1 0
github.com/ssklv/mixfood-auth-service/internal/usecase/mocks/UserRepository.go:126.93,128.3 1 0
github.com/ssklv/mixfood-auth-service/internal/usecase/mocks/UserRepository.go:128.8,129.24 1 0
github.com/ssklv/mixfood-auth-service/internal/usecase/mocks/UserRepository.go:129.24,131.4 1 0
github.com/ssklv/mixfood-auth-service/internal/usecase/mocks/UserRepository.go:134.2,134.86 1 0
github.com/ssklv/mixfood-auth-service/internal/usecase/mocks/UserRepository.go:134.86,136.3 1 0
github.com/ssklv/mixfood-auth-service/internal/usecase/mocks/UserRepository.go:136.8,138.3 1 0
github.com/ssklv/mixfood-auth-service/internal/usecase/mocks/UserRepository.go:140.2,140.15 1 0
github.com/ssklv/mixfood-auth-service/internal/usecase/mocks/UserRepository.go:148.20,152.19 3 0
github.com/ssklv/mixfood-auth-service/internal/usecase/mocks/UserRepository.go:152.19,152.49 1 0
github.com/ssklv/mixfood-auth-service/internal/usecase/mocks/UserRepository.go:154.2,154.13 1 0
github.com/ssklv/mixfood-auth-service/internal/usecase/authUsecase.go:19.177,27.2 1 1
github.com/ssklv/mixfood-auth-service/internal/usecase/authUsecase.go:29.101,31.16 2 1
github.com/ssklv/mixfood-auth-service/internal/usecase/authUsecase.go:31.16,33.3 1 1
github.com/ssklv/mixfood-auth-service/internal/usecase/authUsecase.go:34.2,34.45 1 1
github.com/ssklv/mixfood-auth-service/internal/usecase/authUsecase.go:37.106,39.16 2 1
github.com/ssklv/mixfood-auth-service/internal/usecase/authUsecase.go:39.16,41.3 1 1
github.com/ssklv/mixfood-auth-service/internal/usecase/authUsecase.go:42.2,43.16 2 1
github.com/ssklv/mixfood-auth-service/internal/usecase/authUsecase.go:43.16,45.3 1 0
github.com/ssklv/mixfood-auth-service/internal/usecase/authUsecase.go:46.2,51.62 2 1
github.com/ssklv/mixfood-auth-service/internal/usecase/authUsecase.go:51.62,53.3 1 1
github.com/ssklv/mixfood-auth-service/internal/usecase/authUsecase.go:54.2,54.39 1 1
github.com/ssklv/mixfood-auth-service/internal/usecase/authUsecase.go:57.108,58.45 1 1
github.com/ssklv/mixfood-auth-service/internal/usecase/authUsecase.go:58.45,60.3 1 0
github.com/ssklv/mixfood-auth-service/internal/usecase/authUsecase.go:61.2,61.51 1 1
github.com/ssklv/mixfood-auth-service/internal/usecase/authUsecase.go:61.51,63.3 1 1
github.com/ssklv/mixfood-auth-service/internal/usecase/authUsecase.go:64.2,64.43 1 0
github.com/ssklv/mixfood-auth-service/internal/usecase/authUsecase.go:64.43,66.3 1 0
github.com/ssklv/mixfood-auth-service/internal/usecase/authUsecase.go:68.2,69.16 2 0
github.com/ssklv/mixfood-auth-service/internal/usecase/authUsecase.go:69.16,71.3 1 0
github.com/ssklv/mixfood-auth-service/internal/usecase/authUsecase.go:72.2,72.25 1 0
github.com/ssklv/mixfood-auth-service/internal/usecase/authUsecase.go:72.25,74.3 1 0
github.com/ssklv/mixfood-auth-service/internal/usecase/authUsecase.go:76.2,77.16 2 0
github.com/ssklv/mixfood-auth-service/internal/usecase/authUsecase.go:77.16,79.3 1 0
github.com/ssklv/mixfood-auth-service/internal/usecase/authUsecase.go:81.2,89.58 2 0
github.com/ssklv/mixfood-auth-service/internal/usecase/authUsecase.go:89.58,91.3 1 0
github.com/ssklv/mixfood-auth-service/internal/usecase/authUsecase.go:93.2,93.40 1 0
github.com/ssklv/mixfood-auth-service/internal/usecase/authUsecase.go:96.99,99.16 2 1
github.com/ssklv/mixfood-auth-service/internal/usecase/authUsecase.go:99.16,101.3 1 0
github.com/ssklv/mixfood-auth-service/internal/usecase/authUsecase.go:102.2,102.17 1 1
github.com/ssklv/mixfood-auth-service/internal/usecase/authUsecase.go:102.17,104.3 1 0
github.com/ssklv/mixfood-auth-service/internal/usecase/authUsecase.go:105.2,105.94 1 1
github.com/ssklv/mixfood-auth-service/internal/usecase/authUsecase.go:105.94,107.3 1 1
github.com/ssklv/mixfood-auth-service/internal/usecase/authUsecase.go:109.2,109.40 1 1
github.com/ssklv/mixfood-auth-service/internal/usecase/authUsecase.go:112.79,114.2 1 1
github.com/ssklv/mixfood-auth-service/internal/usecase/authUsecase.go:116.104,118.16 2 1
github.com/ssklv/mixfood-auth-service/internal/usecase/authUsecase.go:118.16,120.3 1 1
github.com/ssklv/mixfood-auth-service/internal/usecase/authUsecase.go:123.2,123.41 1 1
github.com/ssklv/mixfood-auth-service/internal/usecase/authUsecase.go:123.41,126.3 2 0
github.com/ssklv/mixfood-auth-service/internal/usecase/authUsecase.go:128.2,129.16 2 1
github.com/ssklv/mixfood-auth-service/internal/usecase/authUsecase.go:129.16,131.3 1 1
github.com/ssklv/mixfood-auth-service/internal/usecase/authUsecase.go:133.2,134.40 2 1
github.com/ssklv/mixfood-auth-service/internal/usecase/authUsecase.go:137.114,138.24 1 1
github.com/ssklv/mixfood-auth-service/internal/usecase/authUsecase.go:138.24,139.52 1 1
github.com/ssklv/mixfood-auth-service/internal/usecase/authUsecase.go:139.52,141.4 1 0
github.com/ssklv/mixfood-auth-service/internal/usecase/authUsecase.go:143.2,143.25 1 1
github.com/ssklv/mixfood-auth-service/internal/usecase/authUsecase.go:143.25,144.54 1 0
github.com/ssklv/mixfood-auth-service/internal/usecase/authUsecase.go:144.54,146.4 1 0
github.com/ssklv/mixfood-auth-service/internal/usecase/authUsecase.go:148.2,148.25 1 1
github.com/ssklv/mixfood-auth-service/internal/usecase/authUsecase.go:148.25,149.54 1 0
github.com/ssklv/mixfood-auth-service/internal/usecase/authUsecase.go:149.54,151.4 1 0
github.com/ssklv/mixfood-auth-service/internal/usecase/authUsecase.go:154.2,154.44 1 1
github.com/ssklv/mixfood-auth-service/internal/usecase/authUsecase.go:157.89,159.2 1 0
github.com/ssklv/mixfood-auth-service/internal/usecase/authUsecase.go:161.87,162.58 1 1
github.com/ssklv/mixfood-auth-service/internal/usecase/authUsecase.go:162.58,164.3 1 0
github.com/ssklv/mixfood-auth-service/internal/usecase/authUsecase.go:165.2,165.48 1 1
github.com/ssklv/mixfood-auth-service/internal/usecase/authUsecase.go:168.98,170.2 1 1
github.com/ssklv/mixfood-auth-service/internal/usecase/authUsecase.go:172.87,173.58 1 1
github.com/ssklv/mixfood-auth-service/internal/usecase/authUsecase.go:173.58,175.3 1 0
github.com/ssklv/mixfood-auth-service/internal/usecase/authUsecase.go:176.2,176.48 1 1
github.com/ssklv/mixfood-auth-service/internal/usecase/authUsecase.go:179.75,181.2 1 1
github.com/ssklv/mixfood-auth-service/internal/usecase/validation.go:25.46,26.55 1 1
github.com/ssklv/mixfood-auth-service/internal/usecase/validation.go:26.55,28.3 1 1
github.com/ssklv/mixfood-auth-service/internal/usecase/validation.go:29.2,29.12 1 0
github.com/ssklv/mixfood-auth-service/internal/usecase/validation.go:32.40,33.36 1 1
github.com/ssklv/mixfood-auth-service/internal/usecase/validation.go:33.36,35.3 1 0
github.com/ssklv/mixfood-auth-service/internal/usecase/validation.go:36.2,36.12 1 1
github.com/ssklv/mixfood-auth-service/internal/usecase/validation.go:39.38,41.38 2 1
github.com/ssklv/mixfood-auth-service/internal/usecase/validation.go:41.38,43.3 1 0
github.com/ssklv/mixfood-auth-service/internal/usecase/validation.go:44.2,44.12 1 1
github.com/ssklv/mixfood-auth-service/internal/usecase/validation.go:48.40,49.45 1 0
github.com/ssklv/mixfood-auth-service/internal/usecase/validation.go:49.45,51.3 1 0
github.com/ssklv/mixfood-auth-service/internal/usecase/validation.go:52.2,52.52 1 0
github.com/ssklv/mixfood-auth-service/internal/usecase/validation.go:52.52,54.3 1 0
github.com/ssklv/mixfood-auth-service/internal/usecase/validation.go:55.2,55.12 1 0
github.com/ssklv/mixfood-auth-service/internal/usecase/validation.go:58.44,60.27 2 1
github.com/ssklv/mixfood-auth-service/internal/usecase/validation.go:60.27,62.3 1 0
github.com/ssklv/mixfood-auth-service/internal/usecase/validation.go:63.2,63.12 1 1
